<?xml version="1.0" encoding="UTF-8"?>
<robot generator="Robot 5.0.1 (Python 3.10.7 on win32)" generated="20220929 19:47:46.558" rpa="false" schemaversion="3">
<suite id="s1" name="TestSearchProduct" source="C:\RobotFramework_portfolio\RobotFramework\Amazon\MyTestsAmazon\TestSearchProduct\TestSearchProduct.robot">
<test id="s1-t1" name="Test Case 01: search product in site Amazon" line="6">
<kw name="Given search product in site &quot;Amazon&quot;" library="ResourceSearchProduct">
<kw name="Open Browser" library="SeleniumLibrary">
<arg>${URL}</arg>
<arg>${BROWSER}</arg>
<doc>Opens a new browser instance to the optional ``url``.</doc>
<msg timestamp="20220929 19:47:46.724" level="INFO">Opening browser 'chrome' to base url 'https://www.amazon.com.br'.</msg>
<status status="PASS" starttime="20220929 19:47:46.724" endtime="20220929 19:47:50.424"/>
</kw>
<kw name="Maximize Browser Window" library="SeleniumLibrary">
<doc>Maximizes current browser window.</doc>
<status status="PASS" starttime="20220929 19:47:50.424" endtime="20220929 19:47:50.599"/>
</kw>
<kw name="Sleep" library="BuiltIn">
<arg>3 seconds</arg>
<doc>Pauses the test executed for the given time.</doc>
<msg timestamp="20220929 19:47:53.610" level="INFO">Slept 3 seconds</msg>
<status status="PASS" starttime="20220929 19:47:50.599" endtime="20220929 19:47:53.610"/>
</kw>
<kw name="Wait Until Element Is Visible" library="SeleniumLibrary">
<arg>${FIELD_SEARCH}</arg>
<doc>Waits until the element ``locator`` is visible.</doc>
<status status="PASS" starttime="20220929 19:47:53.610" endtime="20220929 19:47:53.635"/>
</kw>
<kw name="Element Should Be Visible" library="SeleniumLibrary">
<arg>${FIELD_SEARCH}</arg>
<doc>Verifies that the element identified by ``locator`` is visible.</doc>
<msg timestamp="20220929 19:47:53.650" level="INFO">Element '//input[contains(@type,'text')]' is displayed.</msg>
<status status="PASS" starttime="20220929 19:47:53.635" endtime="20220929 19:47:53.650"/>
</kw>
<kw name="Input Text" library="SeleniumLibrary">
<arg>${FIELD_SEARCH}</arg>
<arg>${INPUT_SEARCH}</arg>
<doc>Types the given ``text`` into the text field identified by ``locator``.</doc>
<msg timestamp="20220929 19:47:53.651" level="INFO">Typing text 'playstation 5' into text field '//input[contains(@type,'text')]'.</msg>
<status status="PASS" starttime="20220929 19:47:53.650" endtime="20220929 19:47:53.769"/>
</kw>
<kw name="Capture Page Screenshot" library="SeleniumLibrary">
<doc>Takes a screenshot of the current page and embeds it into a log file.</doc>
<msg timestamp="20220929 19:47:54.061" level="INFO" html="true">&lt;/td&gt;&lt;/tr&gt;&lt;tr&gt;&lt;td colspan="3"&gt;&lt;a href="selenium-screenshot-14.png"&gt;&lt;img src="selenium-screenshot-14.png" width="800px"&gt;&lt;/a&gt;</msg>
<status status="PASS" starttime="20220929 19:47:53.770" endtime="20220929 19:47:54.061"/>
</kw>
<kw name="Wait Until Element Is Visible" library="SeleniumLibrary">
<arg>${CLICK_SEARCH}</arg>
<doc>Waits until the element ``locator`` is visible.</doc>
<status status="PASS" starttime="20220929 19:47:54.062" endtime="20220929 19:47:54.079"/>
</kw>
<kw name="Element Should Be Visible" library="SeleniumLibrary">
<arg>${CLICK_SEARCH}</arg>
<doc>Verifies that the element identified by ``locator`` is visible.</doc>
<msg timestamp="20220929 19:47:54.089" level="INFO">Element '//input[contains(@value,'Ir')]' is displayed.</msg>
<status status="PASS" starttime="20220929 19:47:54.079" endtime="20220929 19:47:54.089"/>
</kw>
<kw name="Click Element" library="SeleniumLibrary">
<arg>${CLICK_SEARCH}</arg>
<doc>Click the element identified by ``locator``.</doc>
<msg timestamp="20220929 19:47:54.089" level="INFO">Clicking element '//input[contains(@value,'Ir')]'.</msg>
<status status="PASS" starttime="20220929 19:47:54.089" endtime="20220929 19:47:54.157"/>
</kw>
<status status="PASS" starttime="20220929 19:47:46.724" endtime="20220929 19:47:54.157"/>
</kw>
<kw name="When check if the product really appeared &quot;Amazon&quot;" library="ResourceSearchProduct">
<kw name="Sleep" library="BuiltIn">
<arg>3 seconds</arg>
<doc>Pauses the test executed for the given time.</doc>
<msg timestamp="20220929 19:47:57.159" level="INFO">Slept 3 seconds</msg>
<status status="PASS" starttime="20220929 19:47:54.158" endtime="20220929 19:47:57.160"/>
</kw>
<kw name="Wait Until Element Is Visible" library="SeleniumLibrary">
<arg>${PRODUCT_PLAYSTATION5}</arg>
<doc>Waits until the element ``locator`` is visible.</doc>
<status status="PASS" starttime="20220929 19:47:57.160" endtime="20220929 19:47:57.184"/>
</kw>
<kw name="Element Should Be Visible" library="SeleniumLibrary">
<arg>${PRODUCT_PLAYSTATION5}</arg>
<doc>Verifies that the element identified by ``locator`` is visible.</doc>
<msg timestamp="20220929 19:47:57.212" level="INFO">Element '//img[contains(@alt,'PlayStation®5 + Horizon Forbidden West')]' is displayed.</msg>
<status status="PASS" starttime="20220929 19:47:57.184" endtime="20220929 19:47:57.212"/>
</kw>
<kw name="Capture Element Screenshot" library="SeleniumLibrary">
<arg>${PRODUCT_PLAYSTATION5}</arg>
<doc>Captures a screenshot from the element identified by ``locator`` and embeds it into log file.</doc>
<msg timestamp="20220929 19:47:57.463" level="INFO" html="true">&lt;/td&gt;&lt;/tr&gt;&lt;tr&gt;&lt;td colspan="3"&gt;&lt;a href="selenium-element-screenshot-4.png"&gt;&lt;img src="selenium-element-screenshot-4.png" width="400px"&gt;&lt;/a&gt;</msg>
<status status="PASS" starttime="20220929 19:47:57.212" endtime="20220929 19:47:57.463"/>
</kw>
<status status="PASS" starttime="20220929 19:47:54.157" endtime="20220929 19:47:57.463"/>
</kw>
<kw name="Then add product to cart &quot;Amazon&quot;" library="ResourceSearchProduct">
<kw name="Sleep" library="BuiltIn">
<arg>3 seconds</arg>
<doc>Pauses the test executed for the given time.</doc>
<msg timestamp="20220929 19:48:00.469" level="INFO">Slept 3 seconds</msg>
<status status="PASS" starttime="20220929 19:47:57.464" endtime="20220929 19:48:00.469"/>
</kw>
<kw name="Wait Until Element Is Visible" library="SeleniumLibrary">
<arg>${PRODUCT_PLAYSTATION5}</arg>
<doc>Waits until the element ``locator`` is visible.</doc>
<status status="PASS" starttime="20220929 19:48:00.469" endtime="20220929 19:48:00.491"/>
</kw>
<kw name="Element Should Be Visible" library="SeleniumLibrary">
<arg>${PRODUCT_PLAYSTATION5}</arg>
<doc>Verifies that the element identified by ``locator`` is visible.</doc>
<msg timestamp="20220929 19:48:00.498" level="INFO">Element '//img[contains(@alt,'PlayStation®5 + Horizon Forbidden West')]' is displayed.</msg>
<status status="PASS" starttime="20220929 19:48:00.491" endtime="20220929 19:48:00.498"/>
</kw>
<kw name="Click Element" library="SeleniumLibrary">
<arg>${PRODUCT_PLAYSTATION5}</arg>
<doc>Click the element identified by ``locator``.</doc>
<msg timestamp="20220929 19:48:00.498" level="INFO">Clicking element '//img[contains(@alt,'PlayStation®5 + Horizon Forbidden West')]'.</msg>
<status status="PASS" starttime="20220929 19:48:00.498" endtime="20220929 19:48:03.326"/>
</kw>
<kw name="Sleep" library="BuiltIn">
<arg>3 seconds</arg>
<doc>Pauses the test executed for the given time.</doc>
<msg timestamp="20220929 19:48:06.339" level="INFO">Slept 3 seconds</msg>
<status status="PASS" starttime="20220929 19:48:03.326" endtime="20220929 19:48:06.339"/>
</kw>
<kw name="Wait Until Element Is Visible" library="SeleniumLibrary">
<arg>${ADD_CART}</arg>
<doc>Waits until the element ``locator`` is visible.</doc>
<status status="PASS" starttime="20220929 19:48:06.339" endtime="20220929 19:48:06.379"/>
</kw>
<kw name="Element Should Be Visible" library="SeleniumLibrary">
<arg>${ADD_CART}</arg>
<doc>Verifies that the element identified by ``locator`` is visible.</doc>
<msg timestamp="20220929 19:48:06.401" level="INFO">Element '//input[contains(@name,'submit.add-to-cart')]' is displayed.</msg>
<status status="PASS" starttime="20220929 19:48:06.379" endtime="20220929 19:48:06.401"/>
</kw>
<kw name="Scroll Element Into View" library="SeleniumLibrary">
<arg>${ADD_CART}</arg>
<doc>Scrolls the element identified by ``locator`` into view.</doc>
<status status="PASS" starttime="20220929 19:48:06.401" endtime="20220929 19:48:06.703"/>
</kw>
<kw name="Click Element" library="SeleniumLibrary">
<arg>${ADD_CART}</arg>
<doc>Click the element identified by ``locator``.</doc>
<msg timestamp="20220929 19:48:06.704" level="INFO">Clicking element '//input[contains(@name,'submit.add-to-cart')]'.</msg>
<status status="PASS" starttime="20220929 19:48:06.703" endtime="20220929 19:48:08.937"/>
</kw>
<kw name="Sleep" library="BuiltIn">
<arg>3 seconds</arg>
<doc>Pauses the test executed for the given time.</doc>
<msg timestamp="20220929 19:48:11.943" level="INFO">Slept 3 seconds</msg>
<status status="PASS" starttime="20220929 19:48:08.937" endtime="20220929 19:48:11.943"/>
</kw>
<kw name="Page Should Contain" library="SeleniumLibrary">
<arg>Adicionado ao carrinho</arg>
<doc>Verifies that current page contains ``text``.</doc>
<msg timestamp="20220929 19:48:11.957" level="INFO">Current page contains text 'Adicionado ao carrinho'.</msg>
<status status="PASS" starttime="20220929 19:48:11.943" endtime="20220929 19:48:11.957"/>
</kw>
<kw name="Capture Page Screenshot" library="SeleniumLibrary">
<doc>Takes a screenshot of the current page and embeds it into a log file.</doc>
<msg timestamp="20220929 19:48:12.087" level="INFO" html="true">&lt;/td&gt;&lt;/tr&gt;&lt;tr&gt;&lt;td colspan="3"&gt;&lt;a href="selenium-screenshot-15.png"&gt;&lt;img src="selenium-screenshot-15.png" width="800px"&gt;&lt;/a&gt;</msg>
<status status="PASS" starttime="20220929 19:48:11.958" endtime="20220929 19:48:12.087"/>
</kw>
<status status="PASS" starttime="20220929 19:47:57.464" endtime="20220929 19:48:12.088"/>
</kw>
<doc>This test allows you to access the Amazon website and perform a product search | Este teste permite acessar o site da Amazon e realizar uma pesquisa de produto</doc>
<tag>search_product_Amazon</tag>
<status status="PASS" starttime="20220929 19:47:46.722" endtime="20220929 19:48:12.089"/>
</test>
<doc>This test allows you to access the Amazon website and perform a product search | Este teste permite acessar o site da Amazon e realizar uma pesquisa de produto</doc>
<status status="PASS" starttime="20220929 19:47:46.558" endtime="20220929 19:48:12.090"/>
</suite>
<statistics>
<total>
<stat pass="1" fail="0" skip="0">All Tests</stat>
</total>
<tag>
<stat pass="1" fail="0" skip="0">search_product_Amazon</stat>
</tag>
<suite>
<stat pass="1" fail="0" skip="0" id="s1" name="TestSearchProduct">TestSearchProduct</stat>
</suite>
</statistics>
<errors>
</errors>
</robot>
